<?xml version="1.0" encoding="UTF-8"?>
<testng-results ignored="0" total="1" passed="1" failed="0" skipped="0">
  <reporter-output>
  </reporter-output>
  <suite started-at="2019-11-03T16:37:43 IST" name="Suite" finished-at="2019-11-03T16:38:13 IST" duration-ms="30440">
    <groups>
    </groups>
    <test started-at="2019-11-03T16:37:43 IST" name="Test" finished-at="2019-11-03T16:38:13 IST" duration-ms="30440">
      <class name="practice.Xmlfile">
        <test-method signature="login(java.lang.String, java.lang.String, java.lang.String)[pri:0, instance:practice.Xmlfile@3c3d9b6b]" started-at="2019-11-03T16:37:43 IST" name="login" finished-at="2019-11-03T16:38:13 IST" duration-ms="30350" status="PASS">
          <params>
            <param index="0">
              <value>
                <![CDATA[https://www.gmail.com]]>
              </value>
            </param>
            <param index="1">
              <value>
                <![CDATA[prudhiviraju73@gmail.com]]>
              </value>
            </param>
            <param index="2">
              <value>
                <![CDATA[FUCKYOU25]]>
              </value>
            </param>
          </params>
          <reporter-output>
          </reporter-output>
        </test-method> <!-- login -->
      </class> <!-- practice.Xmlfile -->
    </test> <!-- Test -->
  </suite> <!-- Suite -->
</testng-results>
